# JRE version: OpenJDK Runtime Environment Temurin-21.0.6+7 (21.0.6+7) (build 21.0.6+7-LTS)
# Java VM: OpenJDK 64-Bit Server VM Temurin-21.0.6+7 (21.0.6+7-LTS, mixed mode, emulated-client, sharing, tiered, compressed oops, compressed class ptrs, g1 gc, windows-amd64)
GC Precious Log:
 CardTable entry size: 512
 Card Set container configuration: InlinePtr #cards 5 size 8 Array Of Cards #cards 12 size 40 Howl #buckets 4 coarsen threshold 1843 Howl Bitmap #cards 512 size 80 coarsen threshold 460 Card regions per heap region 1 cards per card region 2048
 CPUs: 12 total, 12 available
 Memory: 7860M
 Large Page Support: Disabled
 NUMA Support: Disabled
 Compressed Oops: Enabled (32-bit)
 Heap Region Size: 1M
 Heap Min Capacity: 8M
 Heap Initial Capacity: 124M
 Heap Max Capacity: 1966M
 Pre-touch: Disabled
 Parallel Workers: 10
 Concurrent Workers: 3
 Concurrent Refinement Workers: 10
 Periodic GC: Disabled
Heap:
 garbage-first heap   total 122880K, used 40722K [0x0000000085200000, 0x0000000100000000)
  region size 1024K, 6 young (6144K), 6 survivors (6144K)
 Metaspace       used 86096K, committed 86912K, reserved 1179648K
  class space    used 12069K, committed 12480K, reserved 1048576K
GC Heap History (20 events):
Event: 8.137 GC heap after
{Heap after GC invocations=24 (full 0):
 garbage-first heap   total 134144K, used 51564K [0x0000000085200000, 0x0000000100000000)
  region size 1024K, 8 young (8192K), 8 survivors (8192K)
 Metaspace       used 72293K, committed 73088K, reserved 1114112K
  class space    used 10270K, committed 10624K, reserved 1048576K
}
Event: 19.269 GC heap before
{Heap before GC invocations=24 (full 0):
 garbage-first heap   total 134144K, used 117100K [0x0000000085200000, 0x0000000100000000)
  region size 1024K, 72 young (73728K), 8 survivors (8192K)
 Metaspace       used 82018K, committed 82944K, reserved 1179648K
  class space    used 11611K, committed 12032K, reserved 1048576K
}
Event: 19.288 GC heap after
{Heap after GC invocations=25 (full 0):
 garbage-first heap   total 134144K, used 56779K [0x0000000085200000, 0x0000000100000000)
  region size 1024K, 9 young (9216K), 9 survivors (9216K)
 Metaspace       used 82018K, committed 82944K, reserved 1179648K
  class space    used 11611K, committed 12032K, reserved 1048576K
}
Event: 38.226 GC heap before
{Heap before GC invocations=25 (full 0):
 garbage-first heap   total 134144K, used 83403K [0x0000000085200000, 0x0000000100000000)
  region size 1024K, 36 young (36864K), 9 survivors (9216K)
 Metaspace       used 83445K, committed 84352K, reserved 1179648K
  class space    used 11826K, committed 12224K, reserved 1048576K
}
Event: 38.244 GC heap after
{Heap after GC invocations=26 (full 0):
 garbage-first heap   total 134144K, used 59121K [0x0000000085200000, 0x0000000100000000)
  region size 1024K, 2 young (2048K), 2 survivors (2048K)
 Metaspace       used 83445K, committed 84352K, reserved 1179648K
  class space    used 11826K, committed 12224K, reserved 1048576K
}
Event: 67.819 GC heap before
{Heap before GC invocations=27 (full 0):
 garbage-first heap   total 134144K, used 114417K [0x0000000085200000, 0x0000000100000000)
  region size 1024K, 60 young (61440K), 2 survivors (2048K)
 Metaspace       used 84237K, committed 85312K, reserved 1179648K
  class space    used 11969K, committed 12480K, reserved 1048576K
}
Event: 67.828 GC heap after
{Heap after GC invocations=28 (full 0):
 garbage-first heap   total 134144K, used 55829K [0x0000000085200000, 0x0000000100000000)
  region size 1024K, 3 young (3072K), 3 survivors (3072K)
 Metaspace       used 84237K, committed 85312K, reserved 1179648K
  class space    used 11969K, committed 12480K, reserved 1048576K
}
Event: 106.001 GC heap before
{Heap before GC invocations=28 (full 0):
 garbage-first heap   total 134144K, used 120341K [0x0000000085200000, 0x0000000100000000)
  region size 1024K, 66 young (67584K), 3 survivors (3072K)
 Metaspace       used 84269K, committed 85376K, reserved 1179648K
  class space    used 11976K, committed 12480K, reserved 1048576K
}
Event: 106.006 GC heap after
{Heap after GC invocations=29 (full 0):
 garbage-first heap   total 134144K, used 53010K [0x0000000085200000, 0x0000000100000000)
  region size 1024K, 3 young (3072K), 3 survivors (3072K)
 Metaspace       used 84269K, committed 85376K, reserved 1179648K
  class space    used 11976K, committed 12480K, reserved 1048576K
}
Event: 119.074 GC heap before
{Heap before GC invocations=29 (full 0):
 garbage-first heap   total 134144K, used 86802K [0x0000000085200000, 0x0000000100000000)
  region size 1024K, 37 young (37888K), 3 survivors (3072K)
 Metaspace       used 84293K, committed 85376K, reserved 1179648K
  class space    used 11981K, committed 12480K, reserved 1048576K
}
Event: 119.079 GC heap after
{Heap after GC invocations=30 (full 0):
 garbage-first heap   total 134144K, used 52935K [0x0000000085200000, 0x0000000100000000)
  region size 1024K, 3 young (3072K), 3 survivors (3072K)
 Metaspace       used 84293K, committed 85376K, reserved 1179648K
  class space    used 11981K, committed 12480K, reserved 1048576K
}
Event: 364.628 GC heap before
{Heap before GC invocations=31 (full 0):
 garbage-first heap   total 134144K, used 117447K [0x0000000085200000, 0x0000000100000000)
  region size 1024K, 67 young (68608K), 3 survivors (3072K)
 Metaspace       used 83956K, committed 85376K, reserved 1179648K
  class space    used 11892K, committed 12480K, reserved 1048576K
}
Event: 365.765 GC heap after
{Heap after GC invocations=32 (full 1):
 garbage-first heap   total 126976K, used 35967K [0x0000000085200000, 0x0000000100000000)
  region size 1024K, 0 young (0K), 0 survivors (0K)
 Metaspace       used 83902K, committed 85376K, reserved 1179648K
  class space    used 11878K, committed 12480K, reserved 1048576K
}
Event: 370.213 GC heap before
{Heap before GC invocations=32 (full 1):
 garbage-first heap   total 126976K, used 100479K [0x0000000085200000, 0x0000000100000000)
  region size 1024K, 65 young (66560K), 0 survivors (0K)
 Metaspace       used 84620K, committed 85568K, reserved 1179648K
  class space    used 11961K, committed 12480K, reserved 1048576K
}
Event: 370.232 GC heap after
{Heap after GC invocations=33 (full 1):
 garbage-first heap   total 126976K, used 42986K [0x0000000085200000, 0x0000000100000000)
  region size 1024K, 7 young (7168K), 7 survivors (7168K)
 Metaspace       used 84620K, committed 85568K, reserved 1179648K
  class space    used 11961K, committed 12480K, reserved 1048576K
}
Event: 372.795 GC heap before
{Heap before GC invocations=34 (full 1):
 garbage-first heap   total 126976K, used 109546K [0x0000000085200000, 0x0000000100000000)
  region size 1024K, 73 young (74752K), 7 survivors (7168K)
 Metaspace       used 85636K, committed 86528K, reserved 1179648K
  class space    used 12055K, committed 12480K, reserved 1048576K
}
Event: 372.823 GC heap after
{Heap after GC invocations=35 (full 1):
 garbage-first heap   total 126976K, used 49303K [0x0000000085200000, 0x0000000100000000)
  region size 1024K, 8 young (8192K), 8 survivors (8192K)
 Metaspace       used 85636K, committed 86528K, reserved 1179648K
  class space    used 12055K, committed 12480K, reserved 1048576K
}
Event: 387.176 GC heap before
{Heap before GC invocations=35 (full 1):
 garbage-first heap   total 126976K, used 73879K [0x0000000085200000, 0x0000000100000000)
  region size 1024K, 33 young (33792K), 8 survivors (8192K)
 Metaspace       used 85718K, committed 86592K, reserved 1179648K
  class space    used 12072K, committed 12480K, reserved 1048576K
}
Event: 387.467 GC heap after
{Heap after GC invocations=36 (full 2):
 garbage-first heap   total 122880K, used 34578K [0x0000000085200000, 0x0000000100000000)
  region size 1024K, 0 young (0K), 0 survivors (0K)
 Metaspace       used 85497K, committed 86592K, reserved 1179648K
  class space    used 12021K, committed 12480K, reserved 1048576K
}
Event: 390.851 GC heap before
{Heap before GC invocations=36 (full 2):
 garbage-first heap   total 122880K, used 103186K [0x0000000085200000, 0x0000000100000000)
  region size 1024K, 68 young (69632K), 0 survivors (0K)
 Metaspace       used 86096K, committed 86912K, reserved 1179648K
  class space    used 12069K, committed 12480K, reserved 1048576K
}

